INFO:root:RaspberryCast started.
INFO:root:RaspberryCast started.
INFO:root:Torrent URL: https://yts.to/torrent/download/6E88B3F25BA49D483D740A652BF013C341BC5373.torrent
INFO:root:Torrent URL: https://yts.to/torrent/download/9EB1A2D6A377731FF645A9802293F9C6DDE6F3B1.torrent
INFO:root:Torrent URL: https://yts.to/torrent/download/9EB1A2D6A377731FF645A9802293F9C6DDE6F3B1.torrent
INFO:root:Torrent URL: https://yts.to/torrent/download/9B9571328EB8D416C3552B6412C279E924D705CE.torrent
INFO:root:Torrent URL: https://yts.to/torrent/download/BB43CF1DC5B200BA37679DB96375A8190D933C2E.torrent
INFO:root:RaspberryCast started.
INFO:root:Casting URL: http://youtube.com/watch?v=
INFO:root:Trying to retrieve video URL...
INFO:root:Fast mode enabled (360p).
INFO:root:Full video URL is : 
INFO:root:Trying to start OMX
INFO:root:Starting OMX without subtitles.
INFO:root:Torrent URL: https://yts.to/torrent/download/A65AEDD513AF84DF2A4AF6BAD8A8B0D08452411E.torrent
INFO:root:Torrent URL: https://yts.to/torrent/download/BB43CF1DC5B200BA37679DB96375A8190D933C2E.torrent
INFO:root:Torrent URL: https://yts.to/torrent/download/966D30A8BBC61A1FB50842CAB6983B17ECA2CF9A.torrent
INFO:root:Torrent URL: https://yts.to/torrent/download/966D30A8BBC61A1FB50842CAB6983B17ECA2CF9A.torrent
INFO:root:RaspberryCast started.
INFO:root:Torrent URL: https://yts.to/torrent/download/966D30A8BBC61A1FB50842CAB6983B17ECA2CF9A.torrent
INFO:root:RaspberryCast started.
INFO:root:RaspberryCast started.
INFO:root:Torrent URL: https://yts.to/torrent/download/6E88B3F25BA49D483D740A652BF013C341BC5373.torrent
INFO:root:Torrent URL: https://yts.to/torrent/download/6E88B3F25BA49D483D740A652BF013C341BC5373.torrent
INFO:root:RaspberryCast started.
INFO:root:RaspberryCast started.
INFO:root:RaspberryCast started.
INFO:root:RaspberryCast started.
INFO:root:RaspberryCast started.
INFO:root:RaspberryCast started.
INFO:root:RaspberryCast started.
INFO:root:RaspberryCast started.
INFO:root:RaspberryCast started.
INFO:root:RaspberryCast started.
